nohup: ignoring input

Traitement 1998-01...

Traitement 1998-02...

Traitement 1998-03...

Traitement 1998-04...

Traitement 1998-05...

Traitement 1998-06...

Traitement 1998-07...

Traitement 1998-08...

Traitement 1998-09...

Traitement 1998-10...

Traitement 1998-11...

Traitement 1998-12...

Traitement 1999-01...

Traitement 1999-02...

Traitement 1999-03...

Traitement 1999-04...

Traitement 1999-05...

Traitement 1999-06...

Traitement 1999-07...

Traitement 1999-08...

Traitement 1999-09...

Traitement 1999-10...

Traitement 1999-11...

Traitement 1999-12...

Traitement 2000-01...

Traitement 2000-02...

Traitement 2000-03...

Traitement 2000-04...

Traitement 2000-05...

Traitement 2000-06...

Traitement 2000-07...

Traitement 2000-08...

Traitement 2000-09...

Traitement 2000-10...

Traitement 2000-11...

Traitement 2000-12...

Traitement 2001-01...

Traitement 2001-02...

Traitement 2001-03...

Traitement 2001-04...

Traitement 2001-05...

Traitement 2001-06...

Traitement 2001-07...

Traitement 2001-08...

Traitement 2001-09...

Traitement 2001-10...

Traitement 2001-11...

Traitement 2001-12...

Traitement 2002-01...

Traitement 2002-02...

Traitement 2002-03...

Traitement 2002-04...

Traitement 2002-05...

Traitement 2002-06...

Traitement 2002-07...

Traitement 2002-08...

Traitement 2002-09...

Traitement 2002-10...

Traitement 2002-11...

Traitement 2002-12...

Traitement 2003-01...

Traitement 2003-02...

Traitement 2003-03...

Traitement 2003-04...

Traitement 2003-05...

Traitement 2003-06...

Traitement 2003-07...

Traitement 2003-08...

Traitement 2003-09...

Traitement 2003-10...

Traitement 2003-11...

Traitement 2003-12...

Traitement 2004-01...

Traitement 2004-02...

Traitement 2004-03...

Traitement 2004-04...

Traitement 2004-05...

Traitement 2004-06...

Traitement 2004-07...

Traitement 2004-08...

Traitement 2004-09...

Traitement 2004-10...

Traitement 2004-11...

Traitement 2004-12...

Traitement 2005-01...

Traitement 2005-02...

Traitement 2005-03...

Traitement 2005-04...

Traitement 2005-05...

Traitement 2005-06...

Traitement 2005-07...

Traitement 2005-08...

Traitement 2005-09...

Traitement 2005-10...

Traitement 2005-11...

Traitement 2005-12...

Traitement 2006-01...

Traitement 2006-02...

Traitement 2006-03...

Traitement 2006-04...

Traitement 2006-05...

Traitement 2006-06...

Traitement 2006-07...

Traitement 2006-08...

Traitement 2006-09...

Traitement 2006-10...

Traitement 2006-11...

Traitement 2006-12...

Traitement 2007-01...

Traitement 2007-02...

Traitement 2007-03...

Traitement 2007-04...

Traitement 2007-05...

Traitement 2007-06...

Traitement 2007-07...

Traitement 2007-08...

Traitement 2007-09...

Traitement 2007-10...

Traitement 2007-11...

Traitement 2007-12...

Traitement 2008-01...

Traitement 2008-02...

Traitement 2008-03...

Traitement 2008-04...

Traitement 2008-05...

Traitement 2008-06...

Traitement 2008-07...

Traitement 2008-08...

Traitement 2008-09...

Traitement 2008-10...

Traitement 2008-11...

Traitement 2008-12...

Traitement 2009-01...

Traitement 2009-02...

Traitement 2009-03...

Traitement 2009-04...

Traitement 2009-05...

Traitement 2009-06...

Traitement 2009-07...

Traitement 2009-08...

Traitement 2009-09...

Traitement 2009-10...

Traitement 2009-11...

Traitement 2009-12...

Traitement 2010-01...

Traitement 2010-02...

Traitement 2010-03...

Traitement 2010-04...

Traitement 2010-05...

Traitement 2010-06...

Traitement 2010-07...

Traitement 2010-08...

Traitement 2010-09...

Traitement 2010-10...

Traitement 2010-11...

Traitement 2010-12...

Traitement 2011-01...

Traitement 2011-02...

Traitement 2011-03...

Traitement 2011-04...

Traitement 2011-05...

Traitement 2011-06...

Traitement 2011-07...

Traitement 2011-08...

Traitement 2011-09...

Traitement 2011-10...

Traitement 2011-11...

Traitement 2011-12...

Traitement 2012-01...

Traitement 2012-02...

Traitement 2012-03...

Traitement 2012-04...

Traitement 2012-05...

Traitement 2012-06...

Traitement 2012-07...

Traitement 2012-08...

Traitement 2012-09...

Traitement 2012-10...

Traitement 2012-11...

Traitement 2012-12...

Traitement 2013-01...

Traitement 2013-02...

Traitement 2013-03...

Traitement 2013-04...

Traitement 2013-05...

Traitement 2013-06...

Traitement 2013-07...

Traitement 2013-08...

Traitement 2013-09...

Traitement 2013-10...

Traitement 2013-11...

Traitement 2013-12...

Traitement 2014-01...

Traitement 2014-02...

Traitement 2014-03...

Traitement 2014-04...

Traitement 2014-05...

Traitement 2014-06...

Traitement 2014-07...

Traitement 2014-08...

Traitement 2014-09...

Traitement 2014-10...

Traitement 2014-11...

Traitement 2014-12...

Traitement 2015-01...

Traitement 2015-02...

Traitement 2015-03...

Traitement 2015-04...

Traitement 2015-05...

Traitement 2015-06...

Traitement 2015-07...

Traitement 2015-08...

Traitement 2015-09...

Traitement 2015-10...

Traitement 2015-11...

Traitement 2015-12...

Traitement 2016-01...

Traitement 2016-02...

Traitement 2016-03...

Traitement 2016-04...

Traitement 2016-05...

Traitement 2016-06...

Traitement 2016-07...

Traitement 2016-08...

Traitement 2016-09...

Traitement 2016-10...

Traitement 2016-11...

Traitement 2016-12...

Traitement 2017-01...

Traitement 2017-02...

Traitement 2017-03...

Traitement 2017-04...

Traitement 2017-05...

Traitement 2017-06...

Traitement 2017-07...

Traitement 2017-08...

Traitement 2017-09...

Traitement 2017-10...

Traitement 2017-11...

Traitement 2017-12...

Traitement 2018-01...

Traitement 2018-02...

Traitement 2018-03...

Traitement 2018-04...

Traitement 2018-05...

Traitement 2018-06...

Traitement 2018-07...

Traitement 2018-08...

Traitement 2018-09...

Traitement 2018-10...

Traitement 2018-11...

Traitement 2018-12...

Traitement 2019-01...

Traitement 2019-02...

Traitement 2019-03...

Traitement 2019-04...

Traitement 2019-05...

Traitement 2019-06...

Traitement 2019-07...

Traitement 2019-08...

Traitement 2019-09...

Traitement 2019-10...

Traitement 2019-11...

Traitement 2019-12...

Traitement 2020-01...

Traitement 2020-02...

Traitement 2020-03...

Traitement 2020-04...

Traitement 2020-05...

Traitement 2020-06...

Traitement 2020-07...

Traitement 2020-08...

Traitement 2020-09...

Traitement 2020-10...

Traitement 2020-11...

Traitement 2020-12...

Traitement 2021-01...

Traitement 2021-02...

Traitement 2021-03...

Traitement 2021-04...

Traitement 2021-05...

Traitement 2021-06...

Traitement 2021-07...

Traitement 2021-08...

Traitement 2021-09...

Traitement 2021-10...

Traitement 2021-11...

Traitement 2021-12...

Traitement 2022-01...

Traitement 2022-02...

Traitement 2022-03...

Traitement 2022-04...

Traitement 2022-05...

Traitement 2022-06...

Traitement 2022-07...

Traitement 2022-08...

Traitement 2022-09...

Traitement 2022-10...

Traitement 2022-11...

Traitement 2022-12...

Traitement 2023-01...

Traitement 2023-02...

Traitement 2023-03...

Traitement 2023-04...

Traitement 2023-05...

Traitement 2023-06...

Traitement 2023-07...

Traitement 2023-08...

Traitement 2023-09...

Traitement 2023-10...

Traitement 2023-11...

Traitement 2023-12...

Traitement 2024-01...
   → Province manquante, on passe

Traitement 2024-02...
   → Province manquante, on passe

Traitement 2024-03...
   → Province manquante, on passe

Traitement 2024-04...
   → Province manquante, on passe

Traitement 2024-05...
   → Province manquante, on passe

Traitement 2024-06...
   → Province manquante, on passe

Traitement 2024-07...
   → Province manquante, on passe

Traitement 2024-08...
   → Province manquante, on passe

Traitement 2024-09...
   → Province manquante, on passe

Traitement 2024-10...
   → Province manquante, on passe

Traitement 2024-11...
   → Province manquante, on passe

Traitement 2024-12...
   → Province manquante, on passe
Traceback (most recent call last):
  File "/home/asauvebois/Python_Nekton/visu_données/calcul_dataset.py", line 74, in <module>
    df_new = df.set_index('date')
             ^^
NameError: name 'df' is not defined
